[0.885s] Invoking command in '/home/edward/final_ros_ws/src/final_project': CFLAGS=-I/usr/local/cuda-12.6/include PYTHONPATH=/home/edward/final_ros_ws/build/final_project/prefix_override:/usr/lib/python3/dist-packages/colcon_core/task/python/colcon_distutils_commands:/home/edward/final_ros_ws/install/final_project/lib/python3.10/site-packages:${PYTHONPATH} /usr/bin/python3 -W ignore:setup.py install is deprecated -W ignore:easy_install command is deprecated setup.py egg_info --egg-base ../../build/final_project build --build-base /home/edward/final_ros_ws/build/final_project/build install --record /home/edward/final_ros_ws/build/final_project/install.log --single-version-externally-managed install_data
[1.293s] running egg_info
[1.294s] writing ../../build/final_project/final_project.egg-info/PKG-INFO
[1.294s] writing dependency_links to ../../build/final_project/final_project.egg-info/dependency_links.txt
[1.295s] writing entry points to ../../build/final_project/final_project.egg-info/entry_points.txt
[1.295s] writing requirements to ../../build/final_project/final_project.egg-info/requires.txt
[1.295s] writing top-level names to ../../build/final_project/final_project.egg-info/top_level.txt
[1.297s] reading manifest file '../../build/final_project/final_project.egg-info/SOURCES.txt'
[1.298s] adding license file 'LICENSE'
[1.299s] writing manifest file '../../build/final_project/final_project.egg-info/SOURCES.txt'
[1.299s] running build
[1.299s] running build_py
[1.299s] copying final_project/a1_subscriber.py -> /home/edward/final_ros_ws/build/final_project/build/lib/final_project
[1.300s] running install
[1.300s] running install_lib
[1.301s] copying /home/edward/final_ros_ws/build/final_project/build/lib/final_project/a1_subscriber.py -> /home/edward/final_ros_ws/install/final_project/lib/python3.10/site-packages/final_project
[1.301s] byte-compiling /home/edward/final_ros_ws/install/final_project/lib/python3.10/site-packages/final_project/a1_subscriber.py to a1_subscriber.cpython-310.pyc
[1.302s] running install_data
[1.302s] running install_egg_info
[1.304s] removing '/home/edward/final_ros_ws/install/final_project/lib/python3.10/site-packages/final_project-0.0.0-py3.10.egg-info' (and everything under it)
[1.305s] Copying ../../build/final_project/final_project.egg-info to /home/edward/final_ros_ws/install/final_project/lib/python3.10/site-packages/final_project-0.0.0-py3.10.egg-info
[1.306s] running install_scripts
[1.328s] Installing a1_subscriber script to /home/edward/final_ros_ws/install/final_project/lib/final_project
[1.329s] Installing gesture_control script to /home/edward/final_ros_ws/install/final_project/lib/final_project
[1.330s] writing list of installed files to '/home/edward/final_ros_ws/build/final_project/install.log'
[1.363s] Invoked command in '/home/edward/final_ros_ws/src/final_project' returned '0': CFLAGS=-I/usr/local/cuda-12.6/include PYTHONPATH=/home/edward/final_ros_ws/build/final_project/prefix_override:/usr/lib/python3/dist-packages/colcon_core/task/python/colcon_distutils_commands:/home/edward/final_ros_ws/install/final_project/lib/python3.10/site-packages:${PYTHONPATH} /usr/bin/python3 -W ignore:setup.py install is deprecated -W ignore:easy_install command is deprecated setup.py egg_info --egg-base ../../build/final_project build --build-base /home/edward/final_ros_ws/build/final_project/build install --record /home/edward/final_ros_ws/build/final_project/install.log --single-version-externally-managed install_data
