[0.771s] Invoking command in '/home/edward/final_ros_ws/ros_pack/src/final_project': CFLAGS=-I/usr/local/cuda-12.6/include PS1=(finalenv) \[\e]0;\u@\h: \w\a\]${debian_chroot:+($debian_chroot)}\[\033[01;32m\]\u@\h\[\033[00m\]:\[\033[01;34m\]\w\[\033[00m\]\$ PYTHONPATH=/home/edward/final_ros_ws/ros_pack/build/final_project/prefix_override:/usr/lib/python3/dist-packages/colcon_core/task/python/colcon_distutils_commands:/home/edward/final_ros_ws/ros_pack/install/final_project/lib/python3.10/site-packages:${PYTHONPATH} VIRTUAL_ENV_PROMPT=(finalenv) /usr/bin/python3 -W ignore:setup.py install is deprecated -W ignore:easy_install command is deprecated setup.py egg_info --egg-base ../../build/final_project build --build-base /home/edward/final_ros_ws/ros_pack/build/final_project/build install --record /home/edward/final_ros_ws/ros_pack/build/final_project/install.log --single-version-externally-managed install_data
[1.052s] running egg_info
[1.053s] writing ../../build/final_project/final_project.egg-info/PKG-INFO
[1.053s] writing dependency_links to ../../build/final_project/final_project.egg-info/dependency_links.txt
[1.054s] writing entry points to ../../build/final_project/final_project.egg-info/entry_points.txt
[1.054s] writing requirements to ../../build/final_project/final_project.egg-info/requires.txt
[1.054s] writing top-level names to ../../build/final_project/final_project.egg-info/top_level.txt
[1.056s] reading manifest file '../../build/final_project/final_project.egg-info/SOURCES.txt'
[1.056s] adding license file 'LICENSE'
[1.057s] writing manifest file '../../build/final_project/final_project.egg-info/SOURCES.txt'
[1.057s] running build
[1.057s] running build_py
[1.057s] running install
[1.058s] running install_lib
[1.059s] running install_data
[1.059s] running install_egg_info
[1.061s] removing '/home/edward/final_ros_ws/ros_pack/install/final_project/lib/python3.10/site-packages/final_project-0.0.0-py3.10.egg-info' (and everything under it)
[1.062s] Copying ../../build/final_project/final_project.egg-info to /home/edward/final_ros_ws/ros_pack/install/final_project/lib/python3.10/site-packages/final_project-0.0.0-py3.10.egg-info
[1.063s] running install_scripts
[1.082s] Installing a1_subscriber script to /home/edward/final_ros_ws/ros_pack/install/final_project/lib/final_project
[1.083s] Installing gesture_control script to /home/edward/final_ros_ws/ros_pack/install/final_project/lib/final_project
[1.083s] writing list of installed files to '/home/edward/final_ros_ws/ros_pack/build/final_project/install.log'
[1.106s] Invoked command in '/home/edward/final_ros_ws/ros_pack/src/final_project' returned '0': CFLAGS=-I/usr/local/cuda-12.6/include PS1=(finalenv) \[\e]0;\u@\h: \w\a\]${debian_chroot:+($debian_chroot)}\[\033[01;32m\]\u@\h\[\033[00m\]:\[\033[01;34m\]\w\[\033[00m\]\$ PYTHONPATH=/home/edward/final_ros_ws/ros_pack/build/final_project/prefix_override:/usr/lib/python3/dist-packages/colcon_core/task/python/colcon_distutils_commands:/home/edward/final_ros_ws/ros_pack/install/final_project/lib/python3.10/site-packages:${PYTHONPATH} VIRTUAL_ENV_PROMPT=(finalenv) /usr/bin/python3 -W ignore:setup.py install is deprecated -W ignore:easy_install command is deprecated setup.py egg_info --egg-base ../../build/final_project build --build-base /home/edward/final_ros_ws/ros_pack/build/final_project/build install --record /home/edward/final_ros_ws/ros_pack/build/final_project/install.log --single-version-externally-managed install_data
