[0.911s] Invoking command in '/home/edward/final_ros_ws/src/final_project': CFLAGS=-I/usr/local/cuda-12.6/include PYTHONPATH=/home/edward/final_ros_ws/build/final_project/prefix_override:/usr/lib/python3/dist-packages/colcon_core/task/python/colcon_distutils_commands:/home/edward/final_ros_ws/install/final_project/lib/python3.10/site-packages:${PYTHONPATH} /usr/bin/python3 -W ignore:setup.py install is deprecated -W ignore:easy_install command is deprecated setup.py egg_info --egg-base ../../build/final_project build --build-base /home/edward/final_ros_ws/build/final_project/build install --record /home/edward/final_ros_ws/build/final_project/install.log --single-version-externally-managed install_data
[1.387s] running egg_info
[1.387s] writing ../../build/final_project/final_project.egg-info/PKG-INFO
[1.388s] writing dependency_links to ../../build/final_project/final_project.egg-info/dependency_links.txt
[1.388s] writing entry points to ../../build/final_project/final_project.egg-info/entry_points.txt
[1.389s] writing requirements to ../../build/final_project/final_project.egg-info/requires.txt
[1.389s] writing top-level names to ../../build/final_project/final_project.egg-info/top_level.txt
[1.391s] reading manifest file '../../build/final_project/final_project.egg-info/SOURCES.txt'
[1.391s] adding license file 'LICENSE'
[1.392s] writing manifest file '../../build/final_project/final_project.egg-info/SOURCES.txt'
[1.393s] running build
[1.393s] running build_py
[1.393s] running install
[1.394s] running install_lib
[1.395s] running install_data
[1.396s] running install_egg_info
[1.398s] removing '/home/edward/final_ros_ws/install/final_project/lib/python3.10/site-packages/final_project-0.0.0-py3.10.egg-info' (and everything under it)
[1.399s] Copying ../../build/final_project/final_project.egg-info to /home/edward/final_ros_ws/install/final_project/lib/python3.10/site-packages/final_project-0.0.0-py3.10.egg-info
[1.401s] running install_scripts
[1.429s] Installing a1_subscriber script to /home/edward/final_ros_ws/install/final_project/lib/final_project
[1.429s] Installing gesture_control script to /home/edward/final_ros_ws/install/final_project/lib/final_project
[1.429s] writing list of installed files to '/home/edward/final_ros_ws/build/final_project/install.log'
[1.458s] Invoked command in '/home/edward/final_ros_ws/src/final_project' returned '0': CFLAGS=-I/usr/local/cuda-12.6/include PYTHONPATH=/home/edward/final_ros_ws/build/final_project/prefix_override:/usr/lib/python3/dist-packages/colcon_core/task/python/colcon_distutils_commands:/home/edward/final_ros_ws/install/final_project/lib/python3.10/site-packages:${PYTHONPATH} /usr/bin/python3 -W ignore:setup.py install is deprecated -W ignore:easy_install command is deprecated setup.py egg_info --egg-base ../../build/final_project build --build-base /home/edward/final_ros_ws/build/final_project/build install --record /home/edward/final_ros_ws/build/final_project/install.log --single-version-externally-managed install_data
