[0.683s] Invoking command in '/home/edward/final_ros_ws/ros_pack/src/final_project': CFLAGS=-I/usr/local/cuda-12.6/include PS1=(finalenv) \[\e]0;\u@\h: \w\a\]${debian_chroot:+($debian_chroot)}\[\033[01;32m\]\u@\h\[\033[00m\]:\[\033[01;34m\]\w\[\033[00m\]\$ PYTHONPATH=/home/edward/final_ros_ws/ros_pack/build/final_project/prefix_override:/usr/lib/python3/dist-packages/colcon_core/task/python/colcon_distutils_commands:/home/edward/final_ros_ws/ros_pack/install/final_project/lib/python3.10/site-packages:${PYTHONPATH} VIRTUAL_ENV_PROMPT=(finalenv) /usr/bin/python3 -W ignore:setup.py install is deprecated -W ignore:easy_install command is deprecated setup.py egg_info --egg-base ../../build/final_project build --build-base /home/edward/final_ros_ws/ros_pack/build/final_project/build install --record /home/edward/final_ros_ws/ros_pack/build/final_project/install.log --single-version-externally-managed install_data
[0.943s] running egg_info
[0.944s] writing ../../build/final_project/final_project.egg-info/PKG-INFO
[0.944s] writing dependency_links to ../../build/final_project/final_project.egg-info/dependency_links.txt
[0.944s] writing entry points to ../../build/final_project/final_project.egg-info/entry_points.txt
[0.945s] writing requirements to ../../build/final_project/final_project.egg-info/requires.txt
[0.945s] writing top-level names to ../../build/final_project/final_project.egg-info/top_level.txt
[0.946s] reading manifest file '../../build/final_project/final_project.egg-info/SOURCES.txt'
[0.947s] adding license file 'LICENSE'
[0.947s] writing manifest file '../../build/final_project/final_project.egg-info/SOURCES.txt'
[0.947s] running build
[0.947s] running build_py
[0.948s] copying final_project/gesture_control.py -> /home/edward/final_ros_ws/ros_pack/build/final_project/build/lib/final_project
[0.948s] running install
[0.948s] running install_lib
[0.949s] copying /home/edward/final_ros_ws/ros_pack/build/final_project/build/lib/final_project/gesture_control.py -> /home/edward/final_ros_ws/ros_pack/install/final_project/lib/python3.10/site-packages/final_project
[0.950s] byte-compiling /home/edward/final_ros_ws/ros_pack/install/final_project/lib/python3.10/site-packages/final_project/gesture_control.py to gesture_control.cpython-310.pyc
[0.951s] running install_data
[0.951s] running install_egg_info
[0.952s] removing '/home/edward/final_ros_ws/ros_pack/install/final_project/lib/python3.10/site-packages/final_project-0.0.0-py3.10.egg-info' (and everything under it)
[0.953s] Copying ../../build/final_project/final_project.egg-info to /home/edward/final_ros_ws/ros_pack/install/final_project/lib/python3.10/site-packages/final_project-0.0.0-py3.10.egg-info
[0.954s] running install_scripts
[0.973s] Installing a1_subscriber script to /home/edward/final_ros_ws/ros_pack/install/final_project/lib/final_project
[0.973s] Installing gesture_control script to /home/edward/final_ros_ws/ros_pack/install/final_project/lib/final_project
[0.973s] writing list of installed files to '/home/edward/final_ros_ws/ros_pack/build/final_project/install.log'
[0.993s] Invoked command in '/home/edward/final_ros_ws/ros_pack/src/final_project' returned '0': CFLAGS=-I/usr/local/cuda-12.6/include PS1=(finalenv) \[\e]0;\u@\h: \w\a\]${debian_chroot:+($debian_chroot)}\[\033[01;32m\]\u@\h\[\033[00m\]:\[\033[01;34m\]\w\[\033[00m\]\$ PYTHONPATH=/home/edward/final_ros_ws/ros_pack/build/final_project/prefix_override:/usr/lib/python3/dist-packages/colcon_core/task/python/colcon_distutils_commands:/home/edward/final_ros_ws/ros_pack/install/final_project/lib/python3.10/site-packages:${PYTHONPATH} VIRTUAL_ENV_PROMPT=(finalenv) /usr/bin/python3 -W ignore:setup.py install is deprecated -W ignore:easy_install command is deprecated setup.py egg_info --egg-base ../../build/final_project build --build-base /home/edward/final_ros_ws/ros_pack/build/final_project/build install --record /home/edward/final_ros_ws/ros_pack/build/final_project/install.log --single-version-externally-managed install_data
