[0.919s] Invoking command in '/home/edward/final_ros_ws/src/final_project': CFLAGS=-I/usr/local/cuda-12.6/include PYTHONPATH=/home/edward/final_ros_ws/build/final_project/prefix_override:/usr/lib/python3/dist-packages/colcon_core/task/python/colcon_distutils_commands:/home/edward/final_ros_ws/install/final_project/lib/python3.10/site-packages:${PYTHONPATH} /usr/bin/python3 -W ignore:setup.py install is deprecated -W ignore:easy_install command is deprecated setup.py egg_info --egg-base ../../build/final_project build --build-base /home/edward/final_ros_ws/build/final_project/build install --record /home/edward/final_ros_ws/build/final_project/install.log --single-version-externally-managed install_data
[1.326s] running egg_info
[1.327s] writing ../../build/final_project/final_project.egg-info/PKG-INFO
[1.328s] writing dependency_links to ../../build/final_project/final_project.egg-info/dependency_links.txt
[1.328s] writing entry points to ../../build/final_project/final_project.egg-info/entry_points.txt
[1.328s] writing requirements to ../../build/final_project/final_project.egg-info/requires.txt
[1.328s] writing top-level names to ../../build/final_project/final_project.egg-info/top_level.txt
[1.331s] reading manifest file '../../build/final_project/final_project.egg-info/SOURCES.txt'
[1.331s] adding license file 'LICENSE'
[1.332s] writing manifest file '../../build/final_project/final_project.egg-info/SOURCES.txt'
[1.333s] running build
[1.333s] running build_py
[1.333s] running install
[1.334s] running install_lib
[1.336s] running install_data
[1.336s] running install_egg_info
[1.338s] removing '/home/edward/final_ros_ws/install/final_project/lib/python3.10/site-packages/final_project-0.0.0-py3.10.egg-info' (and everything under it)
[1.338s] Copying ../../build/final_project/final_project.egg-info to /home/edward/final_ros_ws/install/final_project/lib/python3.10/site-packages/final_project-0.0.0-py3.10.egg-info
[1.340s] running install_scripts
[1.364s] writing list of installed files to '/home/edward/final_ros_ws/build/final_project/install.log'
[1.389s] Invoked command in '/home/edward/final_ros_ws/src/final_project' returned '0': CFLAGS=-I/usr/local/cuda-12.6/include PYTHONPATH=/home/edward/final_ros_ws/build/final_project/prefix_override:/usr/lib/python3/dist-packages/colcon_core/task/python/colcon_distutils_commands:/home/edward/final_ros_ws/install/final_project/lib/python3.10/site-packages:${PYTHONPATH} /usr/bin/python3 -W ignore:setup.py install is deprecated -W ignore:easy_install command is deprecated setup.py egg_info --egg-base ../../build/final_project build --build-base /home/edward/final_ros_ws/build/final_project/build install --record /home/edward/final_ros_ws/build/final_project/install.log --single-version-externally-managed install_data
