running egg_info
writing ../../build/final_project/final_project.egg-info/PKG-INFO
writing dependency_links to ../../build/final_project/final_project.egg-info/dependency_links.txt
writing entry points to ../../build/final_project/final_project.egg-info/entry_points.txt
writing requirements to ../../build/final_project/final_project.egg-info/requires.txt
writing top-level names to ../../build/final_project/final_project.egg-info/top_level.txt
reading manifest file '../../build/final_project/final_project.egg-info/SOURCES.txt'
adding license file 'LICENSE'
writing manifest file '../../build/final_project/final_project.egg-info/SOURCES.txt'
running build
running build_py
copying final_project/gesture_control.py -> /home/edward/final_ros_ws/ros_pack/build/final_project/build/lib/final_project
running install
running install_lib
copying /home/edward/final_ros_ws/ros_pack/build/final_project/build/lib/final_project/gesture_control.py -> /home/edward/final_ros_ws/ros_pack/install/final_project/lib/python3.10/site-packages/final_project
running install_data
running install_egg_info
removing '/home/edward/final_ros_ws/ros_pack/install/final_project/lib/python3.10/site-packages/final_project-0.0.0-py3.10.egg-info' (and everything under it)
Copying ../../build/final_project/final_project.egg-info to /home/edward/final_ros_ws/ros_pack/install/final_project/lib/python3.10/site-packages/final_project-0.0.0-py3.10.egg-info
running install_scripts
Installing a1_subscriber script to /home/edward/final_ros_ws/ros_pack/install/final_project/lib/final_project
Installing gesture_control script to /home/edward/final_ros_ws/ros_pack/install/final_project/lib/final_project
writing list of installed files to '/home/edward/final_ros_ws/ros_pack/build/final_project/install.log'
