[0.454s] DEBUG:colcon:Command line arguments: ['/usr/bin/colcon', 'build']
[0.454s] DEBUG:colcon:Parsed command line arguments: Namespace(log_base=None, log_level=None, verb_name='build', build_base='build', install_base='install', merge_install=False, symlink_install=False, test_result_base=None, continue_on_error=False, executor='parallel', parallel_workers=12, event_handlers=None, ignore_user_meta=False, metas=['./colcon.meta'], base_paths=['.'], packages_ignore=None, packages_ignore_regex=None, paths=None, packages_up_to=None, packages_up_to_regex=None, packages_above=None, packages_above_and_dependencies=None, packages_above_depth=None, packages_select_by_dep=None, packages_skip_by_dep=None, packages_skip_up_to=None, packages_select_build_failed=False, packages_skip_build_finished=False, packages_select_test_failures=False, packages_skip_test_passed=False, packages_select=None, packages_skip=None, packages_select_regex=None, packages_skip_regex=None, packages_start=None, packages_end=None, allow_overriding=[], cmake_args=None, cmake_target=None, cmake_target_skip_unavailable=False, cmake_clean_cache=False, cmake_clean_first=False, cmake_force_configure=False, ament_cmake_args=None, catkin_cmake_args=None, catkin_skip_building_tests=False, mixin_files=None, mixin=None, verb_parser=<colcon_mixin.mixin.mixin_argument.MixinArgumentDecorator object at 0x77bb3826f790>, verb_extension=<colcon_core.verb.build.BuildVerb object at 0x77bb3826f100>, main=<bound method BuildVerb.main of <colcon_core.verb.build.BuildVerb object at 0x77bb3826f100>>, mixin_verb=('build',))
[0.999s] Level 1:colcon.colcon_core.package_discovery:discover_packages(colcon_meta) check parameters
[0.999s] Level 1:colcon.colcon_core.package_discovery:discover_packages(recursive) check parameters
[0.999s] Level 1:colcon.colcon_core.package_discovery:discover_packages(ignore) check parameters
[0.999s] Level 1:colcon.colcon_core.package_discovery:discover_packages(path) check parameters
[0.999s] Level 1:colcon.colcon_core.package_discovery:discover_packages(colcon_meta) discover
[0.999s] Level 1:colcon.colcon_core.package_discovery:discover_packages(recursive) discover
[0.999s] INFO:colcon.colcon_core.package_discovery:Crawling recursively for packages in '/home/edward/final_ros_ws/ros_pack'
[1.000s] Level 1:colcon.colcon_core.package_identification:_identify(.) by extensions ['ignore', 'ignore_ament_install']
[1.000s] Level 1:colcon.colcon_core.package_identification:_identify(.) by extension 'ignore'
[1.000s] Level 1:colcon.colcon_core.package_identification:_identify(.) by extension 'ignore_ament_install'
[1.000s] Level 1:colcon.colcon_core.package_identification:_identify(.) by extensions ['colcon_pkg']
[1.000s] Level 1:colcon.colcon_core.package_identification:_identify(.) by extension 'colcon_pkg'
[1.000s] Level 1:colcon.colcon_core.package_identification:_identify(.) by extensions ['colcon_meta']
[1.000s] Level 1:colcon.colcon_core.package_identification:_identify(.) by extension 'colcon_meta'
[1.000s] Level 1:colcon.colcon_core.package_identification:_identify(.) by extensions ['ros']
[1.000s] Level 1:colcon.colcon_core.package_identification:_identify(.) by extension 'ros'
[1.022s] Level 1:colcon.colcon_core.package_identification:_identify(.) by extensions ['cmake', 'python']
[1.022s] Level 1:colcon.colcon_core.package_identification:_identify(.) by extension 'cmake'
[1.022s] Level 1:colcon.colcon_core.package_identification:_identify(.) by extension 'python'
[1.022s] Level 1:colcon.colcon_core.package_identification:_identify(.) by extensions ['python_setup_py']
[1.022s] Level 1:colcon.colcon_core.package_identification:_identify(.) by extension 'python_setup_py'
[1.023s] Level 1:colcon.colcon_core.package_identification:_identify(build) by extensions ['ignore', 'ignore_ament_install']
[1.023s] Level 1:colcon.colcon_core.package_identification:_identify(build) by extension 'ignore'
[1.023s] Level 1:colcon.colcon_core.package_identification:_identify(build) ignored
[1.023s] Level 1:colcon.colcon_core.package_identification:_identify(install) by extensions ['ignore', 'ignore_ament_install']
[1.023s] Level 1:colcon.colcon_core.package_identification:_identify(install) by extension 'ignore'
[1.023s] Level 1:colcon.colcon_core.package_identification:_identify(install) ignored
[1.023s] Level 1:colcon.colcon_core.package_identification:_identify(log) by extensions ['ignore', 'ignore_ament_install']
[1.023s] Level 1:colcon.colcon_core.package_identification:_identify(log) by extension 'ignore'
[1.023s] Level 1:colcon.colcon_core.package_identification:_identify(log) ignored
[1.023s] Level 1:colcon.colcon_core.package_identification:_identify(src) by extensions ['ignore', 'ignore_ament_install']
[1.023s] Level 1:colcon.colcon_core.package_identification:_identify(src) by extension 'ignore'
[1.023s] Level 1:colcon.colcon_core.package_identification:_identify(src) by extension 'ignore_ament_install'
[1.024s] Level 1:colcon.colcon_core.package_identification:_identify(src) by extensions ['colcon_pkg']
[1.024s] Level 1:colcon.colcon_core.package_identification:_identify(src) by extension 'colcon_pkg'
[1.024s] Level 1:colcon.colcon_core.package_identification:_identify(src) by extensions ['colcon_meta']
[1.024s] Level 1:colcon.colcon_core.package_identification:_identify(src) by extension 'colcon_meta'
[1.024s] Level 1:colcon.colcon_core.package_identification:_identify(src) by extensions ['ros']
[1.024s] Level 1:colcon.colcon_core.package_identification:_identify(src) by extension 'ros'
[1.024s] Level 1:colcon.colcon_core.package_identification:_identify(src) by extensions ['cmake', 'python']
[1.024s] Level 1:colcon.colcon_core.package_identification:_identify(src) by extension 'cmake'
[1.024s] Level 1:colcon.colcon_core.package_identification:_identify(src) by extension 'python'
[1.024s] Level 1:colcon.colcon_core.package_identification:_identify(src) by extensions ['python_setup_py']
[1.024s] Level 1:colcon.colcon_core.package_identification:_identify(src) by extension 'python_setup_py'
[1.024s] Level 1:colcon.colcon_core.package_identification:_identify(src/final_project) by extensions ['ignore', 'ignore_ament_install']
[1.024s] Level 1:colcon.colcon_core.package_identification:_identify(src/final_project) by extension 'ignore'
[1.024s] Level 1:colcon.colcon_core.package_identification:_identify(src/final_project) by extension 'ignore_ament_install'
[1.024s] Level 1:colcon.colcon_core.package_identification:_identify(src/final_project) by extensions ['colcon_pkg']
[1.024s] Level 1:colcon.colcon_core.package_identification:_identify(src/final_project) by extension 'colcon_pkg'
[1.024s] Level 1:colcon.colcon_core.package_identification:_identify(src/final_project) by extensions ['colcon_meta']
[1.024s] Level 1:colcon.colcon_core.package_identification:_identify(src/final_project) by extension 'colcon_meta'
[1.024s] Level 1:colcon.colcon_core.package_identification:_identify(src/final_project) by extensions ['ros']
[1.024s] Level 1:colcon.colcon_core.package_identification:_identify(src/final_project) by extension 'ros'
[1.029s] DEBUG:colcon.colcon_core.package_identification:Package 'src/final_project' with type 'ros.ament_python' and name 'final_project'
[1.029s] Level 1:colcon.colcon_core.package_discovery:discover_packages(recursive) using defaults
[1.029s] Level 1:colcon.colcon_core.package_discovery:discover_packages(ignore) discover
[1.029s] Level 1:colcon.colcon_core.package_discovery:discover_packages(ignore) using defaults
[1.029s] Level 1:colcon.colcon_core.package_discovery:discover_packages(path) discover
[1.029s] Level 1:colcon.colcon_core.package_discovery:discover_packages(path) using defaults
[1.072s] Level 1:colcon.colcon_core.package_discovery:discover_packages(prefix_path) check parameters
[1.072s] Level 1:colcon.colcon_core.package_discovery:discover_packages(prefix_path) discover
[1.077s] DEBUG:colcon.colcon_installed_package_information.package_discovery:Found 1 installed packages in /home/edward/final_ros_ws/ros_pack/install
[1.080s] DEBUG:colcon.colcon_installed_package_information.package_discovery:Found 271 installed packages in /opt/ros/humble
[1.081s] Level 1:colcon.colcon_core.package_discovery:discover_packages(prefix_path) using defaults
[1.187s] Level 5:colcon.colcon_core.verb:set package 'final_project' build argument 'cmake_args' from command line to 'None'
[1.187s] Level 5:colcon.colcon_core.verb:set package 'final_project' build argument 'cmake_target' from command line to 'None'
[1.187s] Level 5:colcon.colcon_core.verb:set package 'final_project' build argument 'cmake_target_skip_unavailable' from command line to 'False'
[1.187s] Level 5:colcon.colcon_core.verb:set package 'final_project' build argument 'cmake_clean_cache' from command line to 'False'
[1.187s] Level 5:colcon.colcon_core.verb:set package 'final_project' build argument 'cmake_clean_first' from command line to 'False'
[1.187s] Level 5:colcon.colcon_core.verb:set package 'final_project' build argument 'cmake_force_configure' from command line to 'False'
[1.187s] Level 5:colcon.colcon_core.verb:set package 'final_project' build argument 'ament_cmake_args' from command line to 'None'
[1.187s] Level 5:colcon.colcon_core.verb:set package 'final_project' build argument 'catkin_cmake_args' from command line to 'None'
[1.187s] Level 5:colcon.colcon_core.verb:set package 'final_project' build argument 'catkin_skip_building_tests' from command line to 'False'
[1.187s] DEBUG:colcon.colcon_core.verb:Building package 'final_project' with the following arguments: {'ament_cmake_args': None, 'build_base': '/home/edward/final_ros_ws/ros_pack/build/final_project', 'catkin_cmake_args': None, 'catkin_skip_building_tests': False, 'cmake_args': None, 'cmake_clean_cache': False, 'cmake_clean_first': False, 'cmake_force_configure': False, 'cmake_target': None, 'cmake_target_skip_unavailable': False, 'install_base': '/home/edward/final_ros_ws/ros_pack/install/final_project', 'merge_install': False, 'path': '/home/edward/final_ros_ws/ros_pack/src/final_project', 'symlink_install': False, 'test_result_base': None}
[1.187s] INFO:colcon.colcon_core.executor:Executing jobs using 'parallel' executor
[1.188s] DEBUG:colcon.colcon_parallel_executor.executor.parallel:run_until_complete
[1.189s] INFO:colcon.colcon_ros.task.ament_python.build:Building ROS package in '/home/edward/final_ros_ws/ros_pack/src/final_project' with build type 'ament_python'
[1.189s] Level 1:colcon.colcon_core.shell:create_environment_hook('final_project', 'ament_prefix_path')
[1.196s] INFO:colcon.colcon_core.plugin_system:Skipping extension 'colcon_core.shell.bat': Not used on non-Windows systems
[1.197s] INFO:colcon.colcon_core.shell:Creating environment hook '/home/edward/final_ros_ws/ros_pack/install/final_project/share/final_project/hook/ament_prefix_path.ps1'
[1.198s] INFO:colcon.colcon_core.shell:Creating environment descriptor '/home/edward/final_ros_ws/ros_pack/install/final_project/share/final_project/hook/ament_prefix_path.dsv'
[1.199s] INFO:colcon.colcon_core.shell:Creating environment hook '/home/edward/final_ros_ws/ros_pack/install/final_project/share/final_project/hook/ament_prefix_path.sh'
[1.200s] INFO:colcon.colcon_core.shell:Skip shell extension 'powershell' for command environment: Not usable outside of PowerShell
[1.200s] DEBUG:colcon.colcon_core.shell:Skip shell extension 'dsv' for command environment
[1.474s] INFO:colcon.colcon_core.task.python.build:Building Python package in '/home/edward/final_ros_ws/ros_pack/src/final_project'
[1.474s] INFO:colcon.colcon_core.shell:Skip shell extension 'powershell' for command environment: Not usable outside of PowerShell
[1.475s] DEBUG:colcon.colcon_core.shell:Skip shell extension 'dsv' for command environment
[1.909s] DEBUG:colcon.colcon_core.event_handler.log_command:Invoking command in '/home/edward/final_ros_ws/ros_pack/src/final_project': CFLAGS=-I/usr/local/cuda-12.6/include PS1=(finalenv) \[\e]0;\u@\h: \w\a\]${debian_chroot:+($debian_chroot)}\[\033[01;32m\]\u@\h\[\033[00m\]:\[\033[01;34m\]\w\[\033[00m\]\$ PYTHONPATH=/home/edward/final_ros_ws/ros_pack/build/final_project/prefix_override:/usr/lib/python3/dist-packages/colcon_core/task/python/colcon_distutils_commands:/home/edward/final_ros_ws/ros_pack/install/final_project/lib/python3.10/site-packages:${PYTHONPATH} VIRTUAL_ENV_PROMPT=(finalenv) /usr/bin/python3 -W ignore:setup.py install is deprecated -W ignore:easy_install command is deprecated setup.py egg_info --egg-base ../../build/final_project build --build-base /home/edward/final_ros_ws/ros_pack/build/final_project/build install --record /home/edward/final_ros_ws/ros_pack/build/final_project/install.log --single-version-externally-managed install_data
[2.223s] DEBUG:colcon.colcon_core.event_handler.log_command:Invoked command in '/home/edward/final_ros_ws/ros_pack/src/final_project' returned '0': CFLAGS=-I/usr/local/cuda-12.6/include PS1=(finalenv) \[\e]0;\u@\h: \w\a\]${debian_chroot:+($debian_chroot)}\[\033[01;32m\]\u@\h\[\033[00m\]:\[\033[01;34m\]\w\[\033[00m\]\$ PYTHONPATH=/home/edward/final_ros_ws/ros_pack/build/final_project/prefix_override:/usr/lib/python3/dist-packages/colcon_core/task/python/colcon_distutils_commands:/home/edward/final_ros_ws/ros_pack/install/final_project/lib/python3.10/site-packages:${PYTHONPATH} VIRTUAL_ENV_PROMPT=(finalenv) /usr/bin/python3 -W ignore:setup.py install is deprecated -W ignore:easy_install command is deprecated setup.py egg_info --egg-base ../../build/final_project build --build-base /home/edward/final_ros_ws/ros_pack/build/final_project/build install --record /home/edward/final_ros_ws/ros_pack/build/final_project/install.log --single-version-externally-managed install_data
[2.231s] Level 1:colcon.colcon_core.environment:checking '/home/edward/final_ros_ws/ros_pack/install/final_project' for CMake module files
[2.232s] Level 1:colcon.colcon_core.environment:checking '/home/edward/final_ros_ws/ros_pack/install/final_project' for CMake config files
[2.233s] Level 1:colcon.colcon_core.environment:checking '/home/edward/final_ros_ws/ros_pack/install/final_project/lib'
[2.234s] Level 1:colcon.colcon_core.environment:checking '/home/edward/final_ros_ws/ros_pack/install/final_project/bin'
[2.234s] Level 1:colcon.colcon_core.environment:checking '/home/edward/final_ros_ws/ros_pack/install/final_project/lib/pkgconfig/final_project.pc'
[2.234s] Level 1:colcon.colcon_core.environment:checking '/home/edward/final_ros_ws/ros_pack/install/final_project/lib/python3.10/site-packages'
[2.234s] Level 1:colcon.colcon_core.shell:create_environment_hook('final_project', 'pythonpath')
[2.234s] INFO:colcon.colcon_core.shell:Creating environment hook '/home/edward/final_ros_ws/ros_pack/install/final_project/share/final_project/hook/pythonpath.ps1'
[2.235s] INFO:colcon.colcon_core.shell:Creating environment descriptor '/home/edward/final_ros_ws/ros_pack/install/final_project/share/final_project/hook/pythonpath.dsv'
[2.235s] INFO:colcon.colcon_core.shell:Creating environment hook '/home/edward/final_ros_ws/ros_pack/install/final_project/share/final_project/hook/pythonpath.sh'
[2.236s] Level 1:colcon.colcon_core.environment:checking '/home/edward/final_ros_ws/ros_pack/install/final_project/bin'
[2.236s] Level 1:colcon.colcon_core.environment:create_environment_scripts_only(final_project)
[2.236s] INFO:colcon.colcon_core.shell:Creating package script '/home/edward/final_ros_ws/ros_pack/install/final_project/share/final_project/package.ps1'
[2.238s] INFO:colcon.colcon_core.shell:Creating package descriptor '/home/edward/final_ros_ws/ros_pack/install/final_project/share/final_project/package.dsv'
[2.238s] INFO:colcon.colcon_core.shell:Creating package script '/home/edward/final_ros_ws/ros_pack/install/final_project/share/final_project/package.sh'
[2.239s] INFO:colcon.colcon_core.shell:Creating package script '/home/edward/final_ros_ws/ros_pack/install/final_project/share/final_project/package.bash'
[2.240s] INFO:colcon.colcon_core.shell:Creating package script '/home/edward/final_ros_ws/ros_pack/install/final_project/share/final_project/package.zsh'
[2.241s] Level 1:colcon.colcon_core.environment:create_file_with_runtime_dependencies(/home/edward/final_ros_ws/ros_pack/install/final_project/share/colcon-core/packages/final_project)
[2.242s] DEBUG:colcon.colcon_parallel_executor.executor.parallel:closing loop
[2.242s] DEBUG:colcon.colcon_parallel_executor.executor.parallel:loop closed
[2.242s] DEBUG:colcon.colcon_parallel_executor.executor.parallel:run_until_complete finished with '0'
[2.242s] DEBUG:colcon.colcon_core.event_reactor:joining thread
[2.306s] INFO:colcon.colcon_core.plugin_system:Skipping extension 'colcon_notification.desktop_notification.notify_send': Could not find 'notify-send'
[2.306s] INFO:colcon.colcon_core.plugin_system:Skipping extension 'colcon_notification.desktop_notification.terminal_notifier': Not used on non-Darwin systems
[2.306s] INFO:colcon.colcon_core.plugin_system:Skipping extension 'colcon_notification.desktop_notification.win32': Not used on non-Windows systems
[2.307s] INFO:colcon.colcon_notification.desktop_notification:Sending desktop notification using 'notify2'
[2.308s] DEBUG:colcon.colcon_notification.desktop_notification.notify2:Failed to initialize notify2: org.freedesktop.DBus.Error.ServiceUnknown: The name org.freedesktop.Notifications was not provided by any .service files
[2.308s] DEBUG:colcon.colcon_core.event_reactor:joined thread
[2.308s] INFO:colcon.colcon_core.shell:Creating prefix script '/home/edward/final_ros_ws/ros_pack/install/local_setup.ps1'
[2.310s] INFO:colcon.colcon_core.shell:Creating prefix util module '/home/edward/final_ros_ws/ros_pack/install/_local_setup_util_ps1.py'
[2.311s] INFO:colcon.colcon_core.shell:Creating prefix chain script '/home/edward/final_ros_ws/ros_pack/install/setup.ps1'
[2.312s] INFO:colcon.colcon_core.shell:Creating prefix script '/home/edward/final_ros_ws/ros_pack/install/local_setup.sh'
[2.313s] INFO:colcon.colcon_core.shell:Creating prefix util module '/home/edward/final_ros_ws/ros_pack/install/_local_setup_util_sh.py'
[2.314s] INFO:colcon.colcon_core.shell:Creating prefix chain script '/home/edward/final_ros_ws/ros_pack/install/setup.sh'
[2.315s] INFO:colcon.colcon_core.shell:Creating prefix script '/home/edward/final_ros_ws/ros_pack/install/local_setup.bash'
[2.316s] INFO:colcon.colcon_core.shell:Creating prefix chain script '/home/edward/final_ros_ws/ros_pack/install/setup.bash'
[2.317s] INFO:colcon.colcon_core.shell:Creating prefix script '/home/edward/final_ros_ws/ros_pack/install/local_setup.zsh'
[2.317s] INFO:colcon.colcon_core.shell:Creating prefix chain script '/home/edward/final_ros_ws/ros_pack/install/setup.zsh'
