running egg_info
creating ../../build/final_project/final_project.egg-info
writing ../../build/final_project/final_project.egg-info/PKG-INFO
writing dependency_links to ../../build/final_project/final_project.egg-info/dependency_links.txt
writing entry points to ../../build/final_project/final_project.egg-info/entry_points.txt
writing requirements to ../../build/final_project/final_project.egg-info/requires.txt
writing top-level names to ../../build/final_project/final_project.egg-info/top_level.txt
writing manifest file '../../build/final_project/final_project.egg-info/SOURCES.txt'
reading manifest file '../../build/final_project/final_project.egg-info/SOURCES.txt'
adding license file 'LICENSE'
writing manifest file '../../build/final_project/final_project.egg-info/SOURCES.txt'
running build
running build_py
creating /home/edward/final_ros_ws/ros_pack/build/final_project/build
creating /home/edward/final_ros_ws/ros_pack/build/final_project/build/lib
creating /home/edward/final_ros_ws/ros_pack/build/final_project/build/lib/final_project
copying final_project/a1_subscriber.py -> /home/edward/final_ros_ws/ros_pack/build/final_project/build/lib/final_project
copying final_project/gesture_control.py -> /home/edward/final_ros_ws/ros_pack/build/final_project/build/lib/final_project
copying final_project/__init__.py -> /home/edward/final_ros_ws/ros_pack/build/final_project/build/lib/final_project
running install
running install_lib
creating /home/edward/final_ros_ws/ros_pack/install/final_project/lib/python3.10/site-packages/final_project
copying /home/edward/final_ros_ws/ros_pack/build/final_project/build/lib/final_project/a1_subscriber.py -> /home/edward/final_ros_ws/ros_pack/install/final_project/lib/python3.10/site-packages/final_project
copying /home/edward/final_ros_ws/ros_pack/build/final_project/build/lib/final_project/gesture_control.py -> /home/edward/final_ros_ws/ros_pack/install/final_project/lib/python3.10/site-packages/final_project
copying /home/edward/final_ros_ws/ros_pack/build/final_project/build/lib/final_project/__init__.py -> /home/edward/final_ros_ws/ros_pack/install/final_project/lib/python3.10/site-packages/final_project
byte-compiling /home/edward/final_ros_ws/ros_pack/install/final_project/lib/python3.10/site-packages/final_project/a1_subscriber.py to a1_subscriber.cpython-310.pyc
byte-compiling /home/edward/final_ros_ws/ros_pack/install/final_project/lib/python3.10/site-packages/final_project/gesture_control.py to gesture_control.cpython-310.pyc
byte-compiling /home/edward/final_ros_ws/ros_pack/install/final_project/lib/python3.10/site-packages/final_project/__init__.py to __init__.cpython-310.pyc
running install_data
creating /home/edward/final_ros_ws/ros_pack/install/final_project/share/ament_index
creating /home/edward/final_ros_ws/ros_pack/install/final_project/share/ament_index/resource_index
creating /home/edward/final_ros_ws/ros_pack/install/final_project/share/ament_index/resource_index/packages
copying resource/final_project -> /home/edward/final_ros_ws/ros_pack/install/final_project/share/ament_index/resource_index/packages
copying package.xml -> /home/edward/final_ros_ws/ros_pack/install/final_project/share/final_project
creating /home/edward/final_ros_ws/ros_pack/install/final_project/share/final_project/launch
copying launch/ai_gesture.launch.py -> /home/edward/final_ros_ws/ros_pack/install/final_project/share/final_project/launch
running install_egg_info
Copying ../../build/final_project/final_project.egg-info to /home/edward/final_ros_ws/ros_pack/install/final_project/lib/python3.10/site-packages/final_project-0.0.0-py3.10.egg-info
running install_scripts
Installing a1_subscriber script to /home/edward/final_ros_ws/ros_pack/install/final_project/lib/final_project
Installing gesture_control script to /home/edward/final_ros_ws/ros_pack/install/final_project/lib/final_project
writing list of installed files to '/home/edward/final_ros_ws/ros_pack/build/final_project/install.log'
