[0.677s] Invoking command in '/home/edward/final_ros_ws/ros_pack/src/final_project': CFLAGS=-I/usr/local/cuda-12.6/include PYTHONPATH=/home/edward/final_ros_ws/ros_pack/build/final_project/prefix_override:/usr/lib/python3/dist-packages/colcon_core/task/python/colcon_distutils_commands:/home/edward/final_ros_ws/ros_pack/install/final_project/lib/python3.10/site-packages:${PYTHONPATH} /usr/bin/python3 -W ignore:setup.py install is deprecated -W ignore:easy_install command is deprecated setup.py egg_info --egg-base ../../build/final_project build --build-base /home/edward/final_ros_ws/ros_pack/build/final_project/build install --record /home/edward/final_ros_ws/ros_pack/build/final_project/install.log --single-version-externally-managed install_data
[0.933s] running egg_info
[0.933s] creating ../../build/final_project/final_project.egg-info
[0.934s] writing ../../build/final_project/final_project.egg-info/PKG-INFO
[0.935s] writing dependency_links to ../../build/final_project/final_project.egg-info/dependency_links.txt
[0.935s] writing entry points to ../../build/final_project/final_project.egg-info/entry_points.txt
[0.935s] writing requirements to ../../build/final_project/final_project.egg-info/requires.txt
[0.936s] writing top-level names to ../../build/final_project/final_project.egg-info/top_level.txt
[0.936s] writing manifest file '../../build/final_project/final_project.egg-info/SOURCES.txt'
[0.937s] reading manifest file '../../build/final_project/final_project.egg-info/SOURCES.txt'
[0.938s] adding license file 'LICENSE'
[0.938s] writing manifest file '../../build/final_project/final_project.egg-info/SOURCES.txt'
[0.939s] running build
[0.939s] running build_py
[0.939s] creating /home/edward/final_ros_ws/ros_pack/build/final_project/build
[0.939s] creating /home/edward/final_ros_ws/ros_pack/build/final_project/build/lib
[0.940s] creating /home/edward/final_ros_ws/ros_pack/build/final_project/build/lib/final_project
[0.941s] copying final_project/a1_subscriber.py -> /home/edward/final_ros_ws/ros_pack/build/final_project/build/lib/final_project
[0.941s] copying final_project/gesture_control.py -> /home/edward/final_ros_ws/ros_pack/build/final_project/build/lib/final_project
[0.941s] copying final_project/__init__.py -> /home/edward/final_ros_ws/ros_pack/build/final_project/build/lib/final_project
[0.941s] running install
[0.942s] running install_lib
[0.943s] creating /home/edward/final_ros_ws/ros_pack/install/final_project/lib/python3.10/site-packages/final_project
[0.943s] copying /home/edward/final_ros_ws/ros_pack/build/final_project/build/lib/final_project/a1_subscriber.py -> /home/edward/final_ros_ws/ros_pack/install/final_project/lib/python3.10/site-packages/final_project
[0.943s] copying /home/edward/final_ros_ws/ros_pack/build/final_project/build/lib/final_project/gesture_control.py -> /home/edward/final_ros_ws/ros_pack/install/final_project/lib/python3.10/site-packages/final_project
[0.943s] copying /home/edward/final_ros_ws/ros_pack/build/final_project/build/lib/final_project/__init__.py -> /home/edward/final_ros_ws/ros_pack/install/final_project/lib/python3.10/site-packages/final_project
[0.944s] byte-compiling /home/edward/final_ros_ws/ros_pack/install/final_project/lib/python3.10/site-packages/final_project/a1_subscriber.py to a1_subscriber.cpython-310.pyc
[0.945s] byte-compiling /home/edward/final_ros_ws/ros_pack/install/final_project/lib/python3.10/site-packages/final_project/gesture_control.py to gesture_control.cpython-310.pyc
[0.946s] byte-compiling /home/edward/final_ros_ws/ros_pack/install/final_project/lib/python3.10/site-packages/final_project/__init__.py to __init__.cpython-310.pyc
[0.947s] running install_data
[0.947s] creating /home/edward/final_ros_ws/ros_pack/install/final_project/share/ament_index
[0.947s] creating /home/edward/final_ros_ws/ros_pack/install/final_project/share/ament_index/resource_index
[0.948s] creating /home/edward/final_ros_ws/ros_pack/install/final_project/share/ament_index/resource_index/packages
[0.948s] copying resource/final_project -> /home/edward/final_ros_ws/ros_pack/install/final_project/share/ament_index/resource_index/packages
[0.948s] copying package.xml -> /home/edward/final_ros_ws/ros_pack/install/final_project/share/final_project
[0.948s] creating /home/edward/final_ros_ws/ros_pack/install/final_project/share/final_project/launch
[0.949s] copying launch/ai_gesture.launch.py -> /home/edward/final_ros_ws/ros_pack/install/final_project/share/final_project/launch
[0.949s] running install_egg_info
[0.951s] Copying ../../build/final_project/final_project.egg-info to /home/edward/final_ros_ws/ros_pack/install/final_project/lib/python3.10/site-packages/final_project-0.0.0-py3.10.egg-info
[0.952s] running install_scripts
[0.973s] Installing a1_subscriber script to /home/edward/final_ros_ws/ros_pack/install/final_project/lib/final_project
[0.973s] Installing gesture_control script to /home/edward/final_ros_ws/ros_pack/install/final_project/lib/final_project
[0.973s] writing list of installed files to '/home/edward/final_ros_ws/ros_pack/build/final_project/install.log'
[0.993s] Invoked command in '/home/edward/final_ros_ws/ros_pack/src/final_project' returned '0': CFLAGS=-I/usr/local/cuda-12.6/include PYTHONPATH=/home/edward/final_ros_ws/ros_pack/build/final_project/prefix_override:/usr/lib/python3/dist-packages/colcon_core/task/python/colcon_distutils_commands:/home/edward/final_ros_ws/ros_pack/install/final_project/lib/python3.10/site-packages:${PYTHONPATH} /usr/bin/python3 -W ignore:setup.py install is deprecated -W ignore:easy_install command is deprecated setup.py egg_info --egg-base ../../build/final_project build --build-base /home/edward/final_ros_ws/ros_pack/build/final_project/build install --record /home/edward/final_ros_ws/ros_pack/build/final_project/install.log --single-version-externally-managed install_data
