[0.988s] Invoking command in '/home/edward/final_ros_ws/src/final_project': CFLAGS=-I/usr/local/cuda-12.6/include PYTHONPATH=/home/edward/final_ros_ws/build/final_project/prefix_override:/usr/lib/python3/dist-packages/colcon_core/task/python/colcon_distutils_commands:/home/edward/final_ros_ws/install/final_project/lib/python3.10/site-packages:${PYTHONPATH} /usr/bin/python3 -W ignore:setup.py install is deprecated -W ignore:easy_install command is deprecated setup.py egg_info --egg-base ../../build/final_project build --build-base /home/edward/final_ros_ws/build/final_project/build install --record /home/edward/final_ros_ws/build/final_project/install.log --single-version-externally-managed install_data
[1.314s] running egg_info
[1.314s] writing ../../build/final_project/final_project.egg-info/PKG-INFO
[1.315s] writing dependency_links to ../../build/final_project/final_project.egg-info/dependency_links.txt
[1.315s] writing entry points to ../../build/final_project/final_project.egg-info/entry_points.txt
[1.316s] writing requirements to ../../build/final_project/final_project.egg-info/requires.txt
[1.316s] writing top-level names to ../../build/final_project/final_project.egg-info/top_level.txt
[1.318s] reading manifest file '../../build/final_project/final_project.egg-info/SOURCES.txt'
[1.318s] adding license file 'LICENSE'
[1.319s] writing manifest file '../../build/final_project/final_project.egg-info/SOURCES.txt'
[1.319s] running build
[1.319s] running build_py
[1.320s] running install
[1.320s] running install_lib
[1.322s] running install_data
[1.322s] copying launch/ai_gesture.launch.py -> /home/edward/final_ros_ws/install/final_project/share/final_project/launch
[1.323s] running install_egg_info
[1.324s] removing '/home/edward/final_ros_ws/install/final_project/lib/python3.10/site-packages/final_project-0.0.0-py3.10.egg-info' (and everything under it)
[1.325s] Copying ../../build/final_project/final_project.egg-info to /home/edward/final_ros_ws/install/final_project/lib/python3.10/site-packages/final_project-0.0.0-py3.10.egg-info
[1.332s] running install_scripts
[1.359s] Installing a1_sub script to /home/edward/final_ros_ws/install/final_project/lib/final_project
[1.360s] Installing gesture script to /home/edward/final_ros_ws/install/final_project/lib/final_project
[1.360s] writing list of installed files to '/home/edward/final_ros_ws/build/final_project/install.log'
[1.384s] Invoked command in '/home/edward/final_ros_ws/src/final_project' returned '0': CFLAGS=-I/usr/local/cuda-12.6/include PYTHONPATH=/home/edward/final_ros_ws/build/final_project/prefix_override:/usr/lib/python3/dist-packages/colcon_core/task/python/colcon_distutils_commands:/home/edward/final_ros_ws/install/final_project/lib/python3.10/site-packages:${PYTHONPATH} /usr/bin/python3 -W ignore:setup.py install is deprecated -W ignore:easy_install command is deprecated setup.py egg_info --egg-base ../../build/final_project build --build-base /home/edward/final_ros_ws/build/final_project/build install --record /home/edward/final_ros_ws/build/final_project/install.log --single-version-externally-managed install_data
