[0.812s] Invoking command in '/home/edward/final_ros_ws/src/final_project': CFLAGS=-I/usr/local/cuda-12.6/include PYTHONPATH=/home/edward/final_ros_ws/build/final_project/prefix_override:/usr/lib/python3/dist-packages/colcon_core/task/python/colcon_distutils_commands:/home/edward/final_ros_ws/install/final_project/lib/python3.10/site-packages:${PYTHONPATH} /usr/bin/python3 -W ignore:setup.py install is deprecated -W ignore:easy_install command is deprecated setup.py egg_info --egg-base ../../build/final_project build --build-base /home/edward/final_ros_ws/build/final_project/build install --record /home/edward/final_ros_ws/build/final_project/install.log --single-version-externally-managed install_data
[1.171s] running egg_info
[1.172s] creating ../../build/final_project/final_project.egg-info
[1.172s] writing ../../build/final_project/final_project.egg-info/PKG-INFO
[1.173s] writing dependency_links to ../../build/final_project/final_project.egg-info/dependency_links.txt
[1.173s] writing entry points to ../../build/final_project/final_project.egg-info/entry_points.txt
[1.173s] writing requirements to ../../build/final_project/final_project.egg-info/requires.txt
[1.173s] writing top-level names to ../../build/final_project/final_project.egg-info/top_level.txt
[1.173s] writing manifest file '../../build/final_project/final_project.egg-info/SOURCES.txt'
[1.175s] reading manifest file '../../build/final_project/final_project.egg-info/SOURCES.txt'
[1.175s] adding license file 'LICENSE'
[1.176s] writing manifest file '../../build/final_project/final_project.egg-info/SOURCES.txt'
[1.176s] running build
[1.176s] running build_py
[1.176s] creating /home/edward/final_ros_ws/build/final_project/build
[1.176s] creating /home/edward/final_ros_ws/build/final_project/build/lib
[1.177s] creating /home/edward/final_ros_ws/build/final_project/build/lib/final_project
[1.177s] copying final_project/__init__.py -> /home/edward/final_ros_ws/build/final_project/build/lib/final_project
[1.177s] running install
[1.178s] running install_lib
[1.179s] creating /home/edward/final_ros_ws/install/final_project/lib/python3.10/site-packages/final_project
[1.179s] copying /home/edward/final_ros_ws/build/final_project/build/lib/final_project/__init__.py -> /home/edward/final_ros_ws/install/final_project/lib/python3.10/site-packages/final_project
[1.180s] byte-compiling /home/edward/final_ros_ws/install/final_project/lib/python3.10/site-packages/final_project/__init__.py to __init__.cpython-310.pyc
[1.180s] running install_data
[1.180s] creating /home/edward/final_ros_ws/install/final_project/share/ament_index
[1.180s] creating /home/edward/final_ros_ws/install/final_project/share/ament_index/resource_index
[1.181s] creating /home/edward/final_ros_ws/install/final_project/share/ament_index/resource_index/packages
[1.181s] copying resource/final_project -> /home/edward/final_ros_ws/install/final_project/share/ament_index/resource_index/packages
[1.181s] copying package.xml -> /home/edward/final_ros_ws/install/final_project/share/final_project
[1.182s] running install_egg_info
[1.184s] Copying ../../build/final_project/final_project.egg-info to /home/edward/final_ros_ws/install/final_project/lib/python3.10/site-packages/final_project-0.0.0-py3.10.egg-info
[1.185s] running install_scripts
[1.206s] writing list of installed files to '/home/edward/final_ros_ws/build/final_project/install.log'
[1.231s] Invoked command in '/home/edward/final_ros_ws/src/final_project' returned '0': CFLAGS=-I/usr/local/cuda-12.6/include PYTHONPATH=/home/edward/final_ros_ws/build/final_project/prefix_override:/usr/lib/python3/dist-packages/colcon_core/task/python/colcon_distutils_commands:/home/edward/final_ros_ws/install/final_project/lib/python3.10/site-packages:${PYTHONPATH} /usr/bin/python3 -W ignore:setup.py install is deprecated -W ignore:easy_install command is deprecated setup.py egg_info --egg-base ../../build/final_project build --build-base /home/edward/final_ros_ws/build/final_project/build install --record /home/edward/final_ros_ws/build/final_project/install.log --single-version-externally-managed install_data
